<?xml version="1.0" encoding="UTF-8"?>
<!-- Generated by org.testng.reporters.JUnitXMLReporter -->
<testsuite ignored="0" hostname="DESKTOP-UDIRQKO" failures="0" tests="2" name="Default test" time="274481.302" errors="0" timestamp="2020-04-19T12:28:45 EDT">
  <testcase classname="APIAutomation.APIAutomation.OccurOfLetter$NoOfOccurenceOfCharacters" name="getOccuringChar" time="827.426"/>
  <testcase classname="APIAutomation.APIAutomation.OccurOfLetter$NoOfOccurenceOfCharacters" name="getOccuringChar" time="273313.038"/>
</testsuite> <!-- Default test -->
