<?xml version="1.0" encoding="UTF-8"?>
<testng-results ignored="0" total="1" passed="1" failed="0" skipped="0">
  <reporter-output>
  </reporter-output>
  <suite started-at="2020-04-19T12:27:03 EDT" name="Default suite" finished-at="2020-04-19T12:27:03 EDT" duration-ms="50">
    <groups>
    </groups>
    <test started-at="2020-04-19T12:27:03 EDT" name="Default test" finished-at="2020-04-19T12:27:03 EDT" duration-ms="50">
      <class name="APIAutomation.APIAutomation.ExtrNumFrmString">
        <test-method signature="sortWithoutFunctions()[pri:0, instance:APIAutomation.APIAutomation.ExtrNumFrmString@6b8ca3c8]" started-at="2020-04-19T12:27:03 EDT" name="sortWithoutFunctions" finished-at="2020-04-19T12:27:03 EDT" duration-ms="9" status="PASS">
          <reporter-output>
          </reporter-output>
        </test-method> <!-- sortWithoutFunctions -->
      </class> <!-- APIAutomation.APIAutomation.ExtrNumFrmString -->
    </test> <!-- Default test -->
  </suite> <!-- Default suite -->
</testng-results>
