<?xml version="1.0" encoding="UTF-8"?>
<testng-results ignored="0" total="1" passed="1" failed="0" skipped="0">
  <reporter-output>
  </reporter-output>
  <suite started-at="2020-03-25T18:06:41 EDT" name="Default suite" finished-at="2020-03-25T18:06:45 EDT" duration-ms="3549">
    <groups>
    </groups>
    <test started-at="2020-03-25T18:06:41 EDT" name="Default test" finished-at="2020-03-25T18:06:45 EDT" duration-ms="3549">
      <class name="APIAutomation.APIAutomation.RestTestOne">
        <test-method signature="restAPIGet()[pri:0, instance:APIAutomation.APIAutomation.RestTestOne@5136d012]" started-at="2020-03-25T18:06:42 EDT" name="restAPIGet" finished-at="2020-03-25T18:06:45 EDT" duration-ms="3468" status="PASS">
          <reporter-output>
          </reporter-output>
        </test-method> <!-- restAPIGet -->
      </class> <!-- APIAutomation.APIAutomation.RestTestOne -->
    </test> <!-- Default test -->
  </suite> <!-- Default suite -->
</testng-results>
